1771947761.374047 client started (93821): version 3.5a, socket /private/tmp/tmux-501/default, protocol 8
1771947761.374113 on Darwin 24.3.0 Darwin Kernel Version 24.3.0: Thu Jan  2 20:24:06 PST 2025; root:xnu-11215.81.4~3/RELEASE_ARM64_T8103
1771947761.374129 using libevent 2.1.12-stable select
1771947761.374837 using utf8proc 2.11.3
1771947761.374860 using ncurses 6.5 20240427
1771947761.374884 flags are 0x10010000
1771947761.374893 socket is /private/tmp/tmux-501/default
1771947761.374910 trying connect
1771947761.374967 add peer 0x160048000: 6 (0x0)
1771947761.378329 sending message 111 to peer 0x160048000 (8 bytes)
1771947761.378343 sending message 111 to peer 0x160048000 (8 bytes)
1771947761.378351 sending message 101 to peer 0x160048000 (14 bytes)
1771947761.378357 sending message 109 to peer 0x160048000 (4 bytes)
1771947761.378364 sending message 102 to peer 0x160048000 (13 bytes)
1771947761.378370 sending message 108 to peer 0x160048000 (38 bytes)
1771947761.378376 sending message 112 to peer 0x160048000 (70 bytes)
1771947761.378383 sending message 112 to peer 0x160048000 (5 bytes)
1771947761.378389 sending message 112 to peer 0x160048000 (5 bytes)
1771947761.378395 sending message 112 to peer 0x160048000 (6 bytes)
1771947761.378401 sending message 112 to peer 0x160048000 (6 bytes)
1771947761.378406 sending message 112 to peer 0x160048000 (11 bytes)
1771947761.378412 sending message 112 to peer 0x160048000 (10 bytes)
1771947761.378418 sending message 112 to peer 0x160048000 (13 bytes)
1771947761.378424 sending message 112 to peer 0x160048000 (13 bytes)
1771947761.378430 sending message 112 to peer 0x160048000 (18 bytes)
1771947761.378436 sending message 112 to peer 0x160048000 (11 bytes)
1771947761.378442 sending message 112 to peer 0x160048000 (10 bytes)
1771947761.378448 sending message 112 to peer 0x160048000 (15 bytes)
1771947761.378454 sending message 112 to peer 0x160048000 (21 bytes)
1771947761.378460 sending message 112 to peer 0x160048000 (13 bytes)
1771947761.378466 sending message 112 to peer 0x160048000 (7 bytes)
1771947761.378472 sending message 112 to peer 0x160048000 (13 bytes)
1771947761.378478 sending message 112 to peer 0x160048000 (7 bytes)
1771947761.378484 sending message 112 to peer 0x160048000 (13 bytes)
1771947761.378490 sending message 112 to peer 0x160048000 (9 bytes)
1771947761.378496 sending message 112 to peer 0x160048000 (21 bytes)
1771947761.378502 sending message 112 to peer 0x160048000 (13 bytes)
1771947761.378507 sending message 112 to peer 0x160048000 (8 bytes)
1771947761.378513 sending message 112 to peer 0x160048000 (12 bytes)
1771947761.378519 sending message 112 to peer 0x160048000 (13 bytes)
1771947761.378525 sending message 112 to peer 0x160048000 (9 bytes)
1771947761.378531 sending message 112 to peer 0x160048000 (9 bytes)
1771947761.378537 sending message 112 to peer 0x160048000 (12 bytes)
1771947761.378543 sending message 112 to peer 0x160048000 (8 bytes)
1771947761.378549 sending message 112 to peer 0x160048000 (8 bytes)
1771947761.378555 sending message 112 to peer 0x160048000 (7 bytes)
1771947761.378561 sending message 112 to peer 0x160048000 (7 bytes)
1771947761.378567 sending message 112 to peer 0x160048000 (9 bytes)
1771947761.378572 sending message 112 to peer 0x160048000 (13 bytes)
1771947761.378578 sending message 112 to peer 0x160048000 (6 bytes)
1771947761.378584 sending message 112 to peer 0x160048000 (9 bytes)
1771947761.378590 sending message 112 to peer 0x160048000 (15 bytes)
1771947761.378596 sending message 112 to peer 0x160048000 (13 bytes)
1771947761.378602 sending message 112 to peer 0x160048000 (12 bytes)
1771947761.378608 sending message 112 to peer 0x160048000 (8 bytes)
1771947761.378614 sending message 112 to peer 0x160048000 (14 bytes)
1771947761.378619 sending message 112 to peer 0x160048000 (11 bytes)
1771947761.378625 sending message 112 to peer 0x160048000 (9 bytes)
1771947761.378631 sending message 112 to peer 0x160048000 (10 bytes)
1771947761.378637 sending message 112 to peer 0x160048000 (10 bytes)
1771947761.378643 sending message 112 to peer 0x160048000 (10 bytes)
1771947761.378657 sending message 112 to peer 0x160048000 (10 bytes)
1771947761.378661 sending message 112 to peer 0x160048000 (11 bytes)
1771947761.378666 sending message 112 to peer 0x160048000 (12 bytes)
1771947761.378670 sending message 112 to peer 0x160048000 (12 bytes)
1771947761.378674 sending message 112 to peer 0x160048000 (12 bytes)
1771947761.378679 sending message 112 to peer 0x160048000 (12 bytes)
1771947761.378683 sending message 112 to peer 0x160048000 (12 bytes)
1771947761.378687 sending message 112 to peer 0x160048000 (11 bytes)
1771947761.378691 sending message 112 to peer 0x160048000 (11 bytes)
1771947761.378696 sending message 112 to peer 0x160048000 (12 bytes)
1771947761.378700 sending message 112 to peer 0x160048000 (12 bytes)
1771947761.378704 sending message 112 to peer 0x160048000 (12 bytes)
1771947761.378708 sending message 112 to peer 0x160048000 (12 bytes)
1771947761.378712 sending message 112 to peer 0x160048000 (12 bytes)
1771947761.378717 sending message 112 to peer 0x160048000 (10 bytes)
1771947761.378721 sending message 112 to peer 0x160048000 (12 bytes)
1771947761.378725 sending message 112 to peer 0x160048000 (13 bytes)
1771947761.378729 sending message 112 to peer 0x160048000 (13 bytes)
1771947761.378734 sending message 112 to peer 0x160048000 (13 bytes)
1771947761.378738 sending message 112 to peer 0x160048000 (13 bytes)
1771947761.378742 sending message 112 to peer 0x160048000 (13 bytes)
1771947761.378746 sending message 112 to peer 0x160048000 (8 bytes)
1771947761.378751 sending message 112 to peer 0x160048000 (11 bytes)
1771947761.378755 sending message 112 to peer 0x160048000 (11 bytes)
1771947761.378759 sending message 112 to peer 0x160048000 (11 bytes)
1771947761.378763 sending message 112 to peer 0x160048000 (12 bytes)
1771947761.378767 sending message 112 to peer 0x160048000 (12 bytes)
1771947761.378772 sending message 112 to peer 0x160048000 (12 bytes)
1771947761.378776 sending message 112 to peer 0x160048000 (12 bytes)
1771947761.378780 sending message 112 to peer 0x160048000 (13 bytes)
1771947761.378784 sending message 112 to peer 0x160048000 (13 bytes)
1771947761.378788 sending message 112 to peer 0x160048000 (13 bytes)
1771947761.378793 sending message 112 to peer 0x160048000 (8 bytes)
1771947761.378797 sending message 112 to peer 0x160048000 (13 bytes)
1771947761.378801 sending message 112 to peer 0x160048000 (13 bytes)
1771947761.378805 sending message 112 to peer 0x160048000 (13 bytes)
1771947761.378809 sending message 112 to peer 0x160048000 (13 bytes)
1771947761.378813 sending message 112 to peer 0x160048000 (13 bytes)
1771947761.378818 sending message 112 to peer 0x160048000 (12 bytes)
1771947761.378822 sending message 112 to peer 0x160048000 (12 bytes)
1771947761.378826 sending message 112 to peer 0x160048000 (12 bytes)
1771947761.378830 sending message 112 to peer 0x160048000 (12 bytes)
1771947761.378834 sending message 112 to peer 0x160048000 (13 bytes)
1771947761.378838 sending message 112 to peer 0x160048000 (8 bytes)
1771947761.378843 sending message 112 to peer 0x160048000 (13 bytes)
1771947761.378847 sending message 112 to peer 0x160048000 (13 bytes)
1771947761.378851 sending message 112 to peer 0x160048000 (13 bytes)
1771947761.378855 sending message 112 to peer 0x160048000 (13 bytes)
1771947761.378860 sending message 112 to peer 0x160048000 (13 bytes)
1771947761.378864 sending message 112 to peer 0x160048000 (13 bytes)
1771947761.378868 sending message 112 to peer 0x160048000 (13 bytes)
1771947761.378872 sending message 112 to peer 0x160048000 (12 bytes)
1771947761.378876 sending message 112 to peer 0x160048000 (12 bytes)
1771947761.378880 sending message 112 to peer 0x160048000 (12 bytes)
1771947761.378884 sending message 112 to peer 0x160048000 (8 bytes)
1771947761.378889 sending message 112 to peer 0x160048000 (12 bytes)
1771947761.378893 sending message 112 to peer 0x160048000 (13 bytes)
1771947761.378897 sending message 112 to peer 0x160048000 (13 bytes)
1771947761.378901 sending message 112 to peer 0x160048000 (13 bytes)
1771947761.378905 sending message 112 to peer 0x160048000 (13 bytes)
1771947761.378917 sending message 112 to peer 0x160048000 (13 bytes)
1771947761.378922 sending message 112 to peer 0x160048000 (13 bytes)
1771947761.378926 sending message 112 to peer 0x160048000 (13 bytes)
1771947761.378930 sending message 112 to peer 0x160048000 (13 bytes)
1771947761.378934 sending message 112 to peer 0x160048000 (12 bytes)
1771947761.378939 sending message 112 to peer 0x160048000 (10 bytes)
1771947761.378943 sending message 112 to peer 0x160048000 (12 bytes)
1771947761.378947 sending message 112 to peer 0x160048000 (12 bytes)
1771947761.378951 sending message 112 to peer 0x160048000 (12 bytes)
1771947761.378956 sending message 112 to peer 0x160048000 (13 bytes)
1771947761.378960 sending message 112 to peer 0x160048000 (13 bytes)
1771947761.378964 sending message 112 to peer 0x160048000 (13 bytes)
1771947761.378968 sending message 112 to peer 0x160048000 (13 bytes)
1771947761.378972 sending message 112 to peer 0x160048000 (13 bytes)
1771947761.378976 sending message 112 to peer 0x160048000 (13 bytes)
1771947761.378981 sending message 112 to peer 0x160048000 (13 bytes)
1771947761.378985 sending message 112 to peer 0x160048000 (10 bytes)
1771947761.378989 sending message 112 to peer 0x160048000 (13 bytes)
1771947761.378994 sending message 112 to peer 0x160048000 (12 bytes)
1771947761.378998 sending message 112 to peer 0x160048000 (12 bytes)
1771947761.379002 sending message 112 to peer 0x160048000 (12 bytes)
1771947761.379006 sending message 112 to peer 0x160048000 (10 bytes)
1771947761.379010 sending message 112 to peer 0x160048000 (10 bytes)
1771947761.379015 sending message 112 to peer 0x160048000 (10 bytes)
1771947761.379020 sending message 112 to peer 0x160048000 (12 bytes)
1771947761.379024 sending message 112 to peer 0x160048000 (13 bytes)
1771947761.379028 sending message 112 to peer 0x160048000 (13 bytes)
1771947761.379032 sending message 112 to peer 0x160048000 (13 bytes)
1771947761.379036 sending message 112 to peer 0x160048000 (13 bytes)
1771947761.379041 sending message 112 to peer 0x160048000 (13 bytes)
1771947761.379045 sending message 112 to peer 0x160048000 (11 bytes)
1771947761.379049 sending message 112 to peer 0x160048000 (11 bytes)
1771947761.379053 sending message 112 to peer 0x160048000 (12 bytes)
1771947761.379057 sending message 112 to peer 0x160048000 (12 bytes)
1771947761.379062 sending message 112 to peer 0x160048000 (12 bytes)
1771947761.379066 sending message 112 to peer 0x160048000 (12 bytes)
1771947761.379070 sending message 112 to peer 0x160048000 (12 bytes)
1771947761.379074 sending message 112 to peer 0x160048000 (11 bytes)
1771947761.379078 sending message 112 to peer 0x160048000 (12 bytes)
1771947761.379082 sending message 112 to peer 0x160048000 (12 bytes)
1771947761.379087 sending message 112 to peer 0x160048000 (13 bytes)
1771947761.379091 sending message 112 to peer 0x160048000 (13 bytes)
1771947761.379095 sending message 112 to peer 0x160048000 (13 bytes)
1771947761.379099 sending message 112 to peer 0x160048000 (13 bytes)
1771947761.379103 sending message 112 to peer 0x160048000 (13 bytes)
1771947761.379107 sending message 112 to peer 0x160048000 (10 bytes)
1771947761.379112 sending message 112 to peer 0x160048000 (9 bytes)
1771947761.379116 sending message 112 to peer 0x160048000 (12 bytes)
1771947761.379120 sending message 112 to peer 0x160048000 (13 bytes)
1771947761.379124 sending message 112 to peer 0x160048000 (13 bytes)
1771947761.379128 sending message 112 to peer 0x160048000 (13 bytes)
1771947761.379132 sending message 112 to peer 0x160048000 (13 bytes)
1771947761.379137 sending message 112 to peer 0x160048000 (13 bytes)
1771947761.379141 sending message 112 to peer 0x160048000 (9 bytes)
1771947761.379145 sending message 112 to peer 0x160048000 (12 bytes)
1771947761.379149 sending message 112 to peer 0x160048000 (13 bytes)
1771947761.379153 sending message 112 to peer 0x160048000 (13 bytes)
1771947761.379157 sending message 112 to peer 0x160048000 (13 bytes)
1771947761.379162 sending message 112 to peer 0x160048000 (13 bytes)
1771947761.379172 sending message 112 to peer 0x160048000 (13 bytes)
1771947761.379176 sending message 112 to peer 0x160048000 (11 bytes)
1771947761.379180 sending message 112 to peer 0x160048000 (12 bytes)
1771947761.379184 sending message 112 to peer 0x160048000 (13 bytes)
1771947761.379189 sending message 112 to peer 0x160048000 (13 bytes)
1771947761.379193 sending message 112 to peer 0x160048000 (13 bytes)
1771947761.379197 sending message 112 to peer 0x160048000 (13 bytes)
1771947761.379201 sending message 112 to peer 0x160048000 (13 bytes)
1771947761.379205 sending message 112 to peer 0x160048000 (11 bytes)
1771947761.379209 sending message 112 to peer 0x160048000 (12 bytes)
1771947761.379214 sending message 112 to peer 0x160048000 (12 bytes)
1771947761.379218 sending message 112 to peer 0x160048000 (12 bytes)
1771947761.379222 sending message 112 to peer 0x160048000 (12 bytes)
1771947761.379226 sending message 112 to peer 0x160048000 (12 bytes)
1771947761.379230 sending message 112 to peer 0x160048000 (21 bytes)
1771947761.379234 sending message 112 to peer 0x160048000 (12 bytes)
1771947761.379239 sending message 112 to peer 0x160048000 (9 bytes)
1771947761.379243 sending message 112 to peer 0x160048000 (6 bytes)
1771947761.379247 sending message 112 to peer 0x160048000 (13 bytes)
1771947761.379251 sending message 112 to peer 0x160048000 (8 bytes)
1771947761.379255 sending message 112 to peer 0x160048000 (15 bytes)
1771947761.379273 sending message 112 to peer 0x160048000 (13 bytes)
1771947761.379277 sending message 112 to peer 0x160048000 (9 bytes)
1771947761.379281 sending message 112 to peer 0x160048000 (70 bytes)
1771947761.379286 sending message 112 to peer 0x160048000 (69 bytes)
1771947761.379290 sending message 112 to peer 0x160048000 (10 bytes)
1771947761.379294 sending message 112 to peer 0x160048000 (10 bytes)
1771947761.379298 sending message 112 to peer 0x160048000 (8 bytes)
1771947761.379302 sending message 112 to peer 0x160048000 (15 bytes)
1771947761.379306 sending message 112 to peer 0x160048000 (13 bytes)
1771947761.379311 sending message 112 to peer 0x160048000 (10 bytes)
1771947761.379315 sending message 112 to peer 0x160048000 (10 bytes)
1771947761.379319 sending message 112 to peer 0x160048000 (17 bytes)
1771947761.379323 sending message 112 to peer 0x160048000 (10 bytes)
1771947761.379327 sending message 112 to peer 0x160048000 (13 bytes)
1771947761.379332 sending message 112 to peer 0x160048000 (9 bytes)
1771947761.379336 sending message 112 to peer 0x160048000 (5 bytes)
1771947761.379340 sending message 112 to peer 0x160048000 (15 bytes)
1771947761.379345 sending message 104 to peer 0x160048000 (0 bytes)
1771947761.379351 sending message 110 to peer 0x160048000 (0 bytes)
1771947761.379355 sending message 107 to peer 0x160048000 (4 bytes)
1771947761.379359 sending message 105 to peer 0x160048000 (20 bytes)
1771947761.379364 sending message 105 to peer 0x160048000 (22 bytes)
1771947761.379368 sending message 105 to peer 0x160048000 (28 bytes)
1771947761.379372 sending message 105 to peer 0x160048000 (12 bytes)
1771947761.379376 sending message 105 to peer 0x160048000 (57 bytes)
1771947761.379381 sending message 105 to peer 0x160048000 (75 bytes)
1771947761.379385 sending message 105 to peer 0x160048000 (41 bytes)
1771947761.379389 sending message 105 to peer 0x160048000 (30 bytes)
1771947761.379393 sending message 105 to peer 0x160048000 (37 bytes)
1771947761.379397 sending message 105 to peer 0x160048000 (30 bytes)
1771947761.379402 sending message 105 to peer 0x160048000 (34 bytes)
1771947761.379406 sending message 105 to peer 0x160048000 (110 bytes)
1771947761.379410 sending message 105 to peer 0x160048000 (69 bytes)
1771947761.379415 sending message 105 to peer 0x160048000 (17 bytes)
1771947761.379419 sending message 105 to peer 0x160048000 (8 bytes)
1771947761.379423 sending message 105 to peer 0x160048000 (26 bytes)
1771947761.379427 sending message 105 to peer 0x160048000 (32 bytes)
1771947761.379431 sending message 105 to peer 0x160048000 (96 bytes)
1771947761.379444 sending message 105 to peer 0x160048000 (169 bytes)
1771947761.379449 sending message 105 to peer 0x160048000 (65 bytes)
1771947761.379453 sending message 105 to peer 0x160048000 (16 bytes)
1771947761.379458 sending message 105 to peer 0x160048000 (38 bytes)
1771947761.379462 sending message 105 to peer 0x160048000 (74 bytes)
1771947761.379466 sending message 105 to peer 0x160048000 (45 bytes)
1771947761.379470 sending message 105 to peer 0x160048000 (18 bytes)
1771947761.379474 sending message 105 to peer 0x160048000 (11 bytes)
1771947761.379479 sending message 105 to peer 0x160048000 (930 bytes)
1771947761.379483 sending message 105 to peer 0x160048000 (53 bytes)
1771947761.379488 sending message 105 to peer 0x160048000 (15 bytes)
1771947761.379492 sending message 105 to peer 0x160048000 (23 bytes)
1771947761.379496 sending message 105 to peer 0x160048000 (29 bytes)
1771947761.379500 sending message 105 to peer 0x160048000 (42 bytes)
1771947761.379504 sending message 105 to peer 0x160048000 (34 bytes)
1771947761.379528 sending message 105 to peer 0x160048000 (15 bytes)
1771947761.379533 sending message 105 to peer 0x160048000 (8 bytes)
1771947761.379537 sending message 105 to peer 0x160048000 (66 bytes)
1771947761.379541 sending message 105 to peer 0x160048000 (19 bytes)
1771947761.379546 sending message 105 to peer 0x160048000 (63 bytes)
1771947761.379550 sending message 105 to peer 0x160048000 (18 bytes)
1771947761.379554 sending message 105 to peer 0x160048000 (26 bytes)
1771947761.379558 sending message 105 to peer 0x160048000 (57 bytes)
1771947761.379562 sending message 105 to peer 0x160048000 (43 bytes)
1771947761.379566 sending message 105 to peer 0x160048000 (13 bytes)
1771947761.379571 sending message 105 to peer 0x160048000 (72 bytes)
1771947761.379575 sending message 105 to peer 0x160048000 (23 bytes)
1771947761.379579 sending message 105 to peer 0x160048000 (29 bytes)
1771947761.379583 sending message 105 to peer 0x160048000 (98 bytes)
1771947761.379587 sending message 105 to peer 0x160048000 (14 bytes)
1771947761.379592 sending message 105 to peer 0x160048000 (19 bytes)
1771947761.379596 sending message 105 to peer 0x160048000 (21 bytes)
1771947761.379600 sending message 105 to peer 0x160048000 (40 bytes)
1771947761.379604 sending message 105 to peer 0x160048000 (43 bytes)
1771947761.379609 sending message 105 to peer 0x160048000 (32 bytes)
1771947761.379613 sending message 105 to peer 0x160048000 (25 bytes)
1771947761.379617 sending message 106 to peer 0x160048000 (0 bytes)
1771947761.379698 sending message 200 to peer 0x160048000 (4 bytes)
1771947761.379705 client loop enter
1771947761.379949 peer 0x160048000 message 303
1771947761.379960 open write file 2 -
1771947761.379970 sending message 305 to peer 0x160048000 (8 bytes)
1771947761.379984 write check file 2
1771947761.380006 peer 0x160048000 message 304
1771947761.380011 write 58 to file 2
1771947761.380017 peer 0x160048000 message 203
1771947761.380021 file 2 58 bytes left
1771947761.380037 write check file 2
1771947761.380042 client loop exit
